[INFO]: this is an informational message number {1..50}
[ERROR]: this is an error message {1..50}
[WARNING]: this is a warning message {1..50}
[DEBUG]: this is a debug message {1..50}
[INFO]: this is an informational message number 1
[ERROR]: this is an error message 1
[WARNING]: this is a warning message 1
[DEBUG]: this is a debug message 1
[INFO]: this is an informational message number 2
[ERROR]: this is an error message 2
[WARNING]: this is a warning message 2
[DEBUG]: this is a debug message 2
[INFO]: this is an informational message number 3
[ERROR]: this is an error message 3
[WARNING]: this is a warning message 3
[DEBUG]: this is a debug message 3
[INFO]: this is an informational message number 4
[ERROR]: this is an error message 4
[WARNING]: this is a warning message 4
[DEBUG]: this is a debug message 4
[INFO]: this is an informational message number 5
[ERROR]: this is an error message 5
[WARNING]: this is a warning message 5
[DEBUG]: this is a debug message 5
[INFO]: this is an informational message number 6
[ERROR]: this is an error message 6
[WARNING]: this is a warning message 6
[DEBUG]: this is a debug message 6
[INFO]: this is an informational message number 7
[ERROR]: this is an error message 7
[WARNING]: this is a warning message 7
[DEBUG]: this is a debug message 7
[INFO]: this is an informational message number 8
[ERROR]: this is an error message 8
[WARNING]: this is a warning message 8
[DEBUG]: this is a debug message 8
[INFO]: this is an informational message number 9
[ERROR]: this is an error message 9
[WARNING]: this is a warning message 9
[DEBUG]: this is a debug message 9
[INFO]: this is an informational message number 10
[ERROR]: this is an error message 10
[WARNING]: this is a warning message 10
[DEBUG]: this is a debug message 10
[INFO]: this is an informational message number 11
[ERROR]: this is an error message 11
[WARNING]: this is a warning message 11
[DEBUG]: this is a debug message 11
[INFO]: this is an informational message number 12
[ERROR]: this is an error message 12
[WARNING]: this is a warning message 12
[DEBUG]: this is a debug message 12
[INFO]: this is an informational message number 13
[ERROR]: this is an error message 13
[WARNING]: this is a warning message 13
[DEBUG]: this is a debug message 13
[INFO]: this is an informational message number 14
[ERROR]: this is an error message 14
[WARNING]: this is a warning message 14
[DEBUG]: this is a debug message 14
[INFO]: this is an informational message number 15
[ERROR]: this is an error message 15
[WARNING]: this is a warning message 15
[DEBUG]: this is a debug message 15
[INFO]: this is an informational message number 16
[ERROR]: this is an error message 16
[WARNING]: this is a warning message 16
[DEBUG]: this is a debug message 16
[INFO]: this is an informational message number 17
[ERROR]: this is an error message 17
[WARNING]: this is a warning message 17
[DEBUG]: this is a debug message 17
[INFO]: this is an informational message number 18
[ERROR]: this is an error message 18
[WARNING]: this is a warning message 18
[DEBUG]: this is a debug message 18
[INFO]: this is an informational message number 19
[ERROR]: this is an error message 19
[WARNING]: this is a warning message 19
[DEBUG]: this is a debug message 19
[INFO]: this is an informational message number 20
[ERROR]: this is an error message 20
[WARNING]: this is a warning message 20
[DEBUG]: this is a debug message 20
[INFO]: this is an informational message number 21
[ERROR]: this is an error message 21
[WARNING]: this is a warning message 21
[DEBUG]: this is a debug message 21
[INFO]: this is an informational message number 22
[ERROR]: this is an error message 22
[WARNING]: this is a warning message 22
[DEBUG]: this is a debug message 22
[INFO]: this is an informational message number 23
[ERROR]: this is an error message 23
[WARNING]: this is a warning message 23
[DEBUG]: this is a debug message 23
[INFO]: this is an informational message number 24
[ERROR]: this is an error message 24
[WARNING]: this is a warning message 24
[DEBUG]: this is a debug message 24
[INFO]: this is an informational message number 25
[ERROR]: this is an error message 25
[WARNING]: this is a warning message 25
[DEBUG]: this is a debug message 25
[INFO]: this is an informational message number 26
[ERROR]: this is an error message 26
[WARNING]: this is a warning message 26
[DEBUG]: this is a debug message 26
[INFO]: this is an informational message number 27
[ERROR]: this is an error message 27
[WARNING]: this is a warning message 27
[DEBUG]: this is a debug message 27
[INFO]: this is an informational message number 28
[ERROR]: this is an error message 28
[WARNING]: this is a warning message 28
[DEBUG]: this is a debug message 28
[INFO]: this is an informational message number 29
[ERROR]: this is an error message 29
[WARNING]: this is a warning message 29
[DEBUG]: this is a debug message 29
[INFO]: this is an informational message number 30
[ERROR]: this is an error message 30
[WARNING]: this is a warning message 30
[DEBUG]: this is a debug message 30
[INFO]: this is an informational message number 31
[ERROR]: this is an error message 31
[WARNING]: this is a warning message 31
[DEBUG]: this is a debug message 31
[INFO]: this is an informational message number 32
[ERROR]: this is an error message 32
[WARNING]: this is a warning message 32
[DEBUG]: this is a debug message 32
[INFO]: this is an informational message number 33
[ERROR]: this is an error message 33
[WARNING]: this is a warning message 33
[DEBUG]: this is a debug message 33
[INFO]: this is an informational message number 34
[ERROR]: this is an error message 34
[WARNING]: this is a warning message 34
[DEBUG]: this is a debug message 34
[INFO]: this is an informational message number 35
[ERROR]: this is an error message 35
[WARNING]: this is a warning message 35
[DEBUG]: this is a debug message 35
[INFO]: this is an informational message number 36
[ERROR]: this is an error message 36
[WARNING]: this is a warning message 36
[DEBUG]: this is a debug message 36
[INFO]: this is an informational message number 37
[ERROR]: this is an error message 37
[WARNING]: this is a warning message 37
[DEBUG]: this is a debug message 37
[INFO]: this is an informational message number 38
[ERROR]: this is an error message 38
[WARNING]: this is a warning message 38
[DEBUG]: this is a debug message 38
[INFO]: this is an informational message number 39
[ERROR]: this is an error message 39
[WARNING]: this is a warning message 39
[DEBUG]: this is a debug message 39
[INFO]: this is an informational message number 40
[ERROR]: this is an error message 40
[WARNING]: this is a warning message 40
[DEBUG]: this is a debug message 40
[INFO]: this is an informational message number 41
[ERROR]: this is an error message 41
[WARNING]: this is a warning message 41
[DEBUG]: this is a debug message 41
[INFO]: this is an informational message number 42
[ERROR]: this is an error message 42
[WARNING]: this is a warning message 42
[DEBUG]: this is a debug message 42
[INFO]: this is an informational message number 43
[ERROR]: this is an error message 43
[WARNING]: this is a warning message 43
[DEBUG]: this is a debug message 43
[INFO]: this is an informational message number 44
[ERROR]: this is an error message 44
[WARNING]: this is a warning message 44
[DEBUG]: this is a debug message 44
[INFO]: this is an informational message number 45
[ERROR]: this is an error message 45
[WARNING]: this is a warning message 45
[DEBUG]: this is a debug message 45
[INFO]: this is an informational message number 46
[ERROR]: this is an error message 46
[WARNING]: this is a warning message 46
[DEBUG]: this is a debug message 46
[INFO]: this is an informational message number 47
[ERROR]: this is an error message 47
[WARNING]: this is a warning message 47
[DEBUG]: this is a debug message 47
[INFO]: this is an informational message number 48
[ERROR]: this is an error message 48
[WARNING]: this is a warning message 48
[DEBUG]: this is a debug message 48
[INFO]: this is an informational message number 49
[ERROR]: this is an error message 49
[WARNING]: this is a warning message 49
[DEBUG]: this is a debug message 49
[INFO]: this is an informational message number 50
[ERROR]: this is an error message 50
[WARNING]: this is a warning message 50
[DEBUG]: this is a debug message 50
